[0m16:14:54.606642 [debug] [MainThread]: Sending event: {'category': 'dbt', 'action': 'invocation', 'label': 'start', 'context': [<snowplow_tracker.self_describing_json.SelfDescribingJson object at 0x74ae95e20040>, <snowplow_tracker.self_describing_json.SelfDescribingJson object at 0x74ae946e12d0>, <snowplow_tracker.self_describing_json.SelfDescribingJson object at 0x74ae946e1270>]}


============================== 16:14:54.614431 | b4cbeeea-d569-47cc-93ec-c95b6f29f022 ==============================
[0m16:14:54.614431 [info ] [MainThread]: Running with dbt=1.8.3
[0m16:14:54.615875 [debug] [MainThread]: running dbt with arguments {'printer_width': '80', 'indirect_selection': 'eager', 'log_cache_events': 'False', 'write_json': 'True', 'partial_parse': 'True', 'cache_selected_only': 'False', 'warn_error': 'None', 'version_check': 'True', 'profiles_dir': '/home/joachim/.dbt', 'log_path': 'logs', 'debug': 'False', 'fail_fast': 'False', 'use_colors': 'True', 'use_experimental_parser': 'False', 'empty': 'None', 'quiet': 'False', 'no_print': 'None', 'log_format': 'default', 'invocation_command': 'dbt init', 'introspect': 'True', 'static_parser': 'True', 'target_path': 'None', 'warn_error_options': 'WarnErrorOptions(include=[], exclude=[])', 'send_anonymous_usage_stats': 'True'}
[0m16:15:17.292849 [debug] [MainThread]: Starter project path: /usr/local/lib/python3.10/dist-packages/dbt/include/starter_project
[0m16:15:17.304422 [info ] [MainThread]: 
Your new dbt project "dbt_project_name" was created!

For more information on how to configure the profiles.yml file,
please consult the dbt documentation here:

  https://docs.getdbt.com/docs/configure-your-profile

One more thing:

Need help? Don't hesitate to reach out to us via GitHub issues or on Slack:

  https://community.getdbt.com/

Happy modeling!

[0m16:15:17.306012 [info ] [MainThread]: Setting up your profile.
[0m16:15:45.636764 [info ] [MainThread]: Profile dbt_project_name written to /home/joachim/.dbt/profiles.yml using target's profile_template.yml and your supplied values. Run 'dbt debug' to validate the connection.
[0m16:15:45.640071 [debug] [MainThread]: Resource report: {"command_name": "init", "command_success": true, "command_wall_clock_time": 51.161236, "process_user_time": 3.012512, "process_kernel_time": 0.639745, "process_mem_max_rss": "110124", "process_in_blocks": "12800", "process_out_blocks": "88"}
[0m16:15:45.642226 [debug] [MainThread]: Command `dbt init` succeeded at 16:15:45.641887 after 51.16 seconds
[0m16:15:45.643572 [debug] [MainThread]: Sending event: {'category': 'dbt', 'action': 'invocation', 'label': 'end', 'context': [<snowplow_tracker.self_describing_json.SelfDescribingJson object at 0x74ae95e20040>, <snowplow_tracker.self_describing_json.SelfDescribingJson object at 0x74ae9479f8e0>, <snowplow_tracker.self_describing_json.SelfDescribingJson object at 0x74ae946e3ca0>]}
[0m16:15:45.644736 [debug] [MainThread]: Flushing usage events
